<?xml version="1.0" encoding="UTF-8"?>
<!-- Generated by org.testng.reporters.JUnitXMLReporter -->
<testsuite ignored="0" hostname="DESKTOP-9KKSKOS" failures="0" tests="3" name="Test" time="50.079" errors="0" timestamp="2024-07-02T12:30:06 IST">
  <testcase classname="demo.com.main.TestCase002" name="TestLogin" time="10.327"/>
  <testcase classname="demo.com.main.TestCase001" name="TestRegister" time="10.622"/>
  <testcase classname="demo.com.main.TestCase003" name="TestForgotPass" time="10.281"/>
</testsuite> <!-- Test -->
